
2017-03-02 10:26:15...installerHook: Could not find custom/install/install_hooks.php
2017-03-02 10:26:19...installerHook: Could not find custom/install/install_hooks.php
2017-03-02 10:59:57...installerHook: Could not find custom/install/install_hooks.php
2017-03-02 11:00:01...Begin System Check Process *************
2017-03-02 11:00:01...XML Parsing Support Found
2017-03-02 11:00:01...MBString Support Found
2017-03-02 11:00:01...ZIP Support Found
2017-03-02 11:00:01.../custom directory and subdirectory check passed
2017-03-02 11:00:01...cache directory and subdirectory check passed
2017-03-02 11:00:01.../module  directory and subdirectory check passed
2017-03-02 11:00:01.../upload directory check passed
2017-03-02 11:00:01.../zip check passed
2017-03-02 11:00:01...PCRE version check passed
2017-03-02 11:00:01...installerHook: Could not find custom/install/install_hooks.php
2017-03-02 11:00:01...php.ini location found. /opt/phpbrew/php/php-5.5.38/etc/php.ini
2017-03-02 11:00:01...Outputting HTML for System check
2017-03-02 11:00:01...No Errors were found *************
2017-03-02 11:00:04...installerHook: Could not find custom/install/install_hooks.php
2017-03-02 11:00:34...installerHook: Could not find custom/install/install_hooks.php
2017-03-02 11:00:37...installerHook: Could not find custom/install/install_hooks.php
2017-03-02 11:01:14...Begin DB Check Process *************
2017-03-02 11:01:14...testing with mysql:mysqli
2017-03-02 11:01:14...Basic form info is valid, continuing Process.
2017-03-02 11:01:14...Testing user account...
2017-03-02 11:01:14...Connection made using  host: localhost, usr: root
2017-03-02 11:01:14...Testing priviliged account...
2017-03-02 11:01:14...Connection made using  host: localhost, usr: root
2017-03-02 11:01:14...ERROR:: The provided Database Name already exists.  You can<br>1.  hit the back button and choose a new database name <br>2.  click next and continue but all existing tables on this database will be dropped.  <strong>This means your tables and data will be blown away.</strong>
2017-03-02 11:01:14...Passed DB install check
2017-03-02 11:01:14...WARNING:: no errors detected, but DB tables will be dropped!, issuing warning to user
2017-03-02 11:01:14...End DB Check Process *************
2017-03-02 11:01:16...installerHook: Could not find custom/install/install_hooks.php
2017-03-02 11:02:00...installerHook: Could not find custom/install/install_hooks.php
2017-03-02 11:02:12...installerHook: Could not find custom/install/install_hooks.php
2017-03-02 11:02:22...installerHook: Could not find custom/install/install_hooks.php
2017-03-02 11:02:22...calling handleSugarConfig()
2017-03-02 11:02:22...calling handleLog4Php()
2017-03-02 11:02:22...calling handleHtaccess()
2017-03-02 11:02:22...calling handleDbCharsetCollation()
2017-03-02 11:02:22...looping through all the Beans and create their tables
2017-03-02 11:02:22...processing table acl_actions
2017-03-02 11:02:22...dropping table acl_actions
2017-03-02 11:02:22...creating table acl_actions
2017-03-02 11:02:22...creating Relationship Meta for ACLAction
2017-03-02 11:02:22...processing table acl_roles
2017-03-02 11:02:22...dropping table acl_roles
2017-03-02 11:02:22...creating table acl_roles
2017-03-02 11:02:22...creating Relationship Meta for ACLRole
2017-03-02 11:02:22...processing table relationships
2017-03-02 11:02:22...dropping table relationships
2017-03-02 11:02:22...creating table relationships
2017-03-02 11:02:22...creating Relationship Meta for Relationship
2017-03-02 11:02:22...processing table leads
2017-03-02 11:02:22...dropping table leads
2017-03-02 11:02:22...creating table leads
2017-03-02 11:02:22...creating Relationship Meta for Lead
2017-03-02 11:02:22...processing table cases
2017-03-02 11:02:22...dropping table cases
2017-03-02 11:02:22...creating table cases
2017-03-02 11:02:22...creating Relationship Meta for Case
2017-03-02 11:02:22...processing table bugs
2017-03-02 11:02:22...dropping table bugs
2017-03-02 11:02:22...creating table bugs
2017-03-02 11:02:22...creating Relationship Meta for Bug
2017-03-02 11:02:22...processing table users
2017-03-02 11:02:22...dropping table users
2017-03-02 11:02:22...creating table users
2017-03-02 11:02:22...creating Relationship Meta for User
2017-03-02 11:02:22...processing table campaign_log
2017-03-02 11:02:22...dropping table campaign_log
2017-03-02 11:02:22...creating table campaign_log
2017-03-02 11:02:22...creating Relationship Meta for CampaignLog
2017-03-02 11:02:22...processing table project
2017-03-02 11:02:22...dropping table project
2017-03-02 11:02:22...creating table project
2017-03-02 11:02:22...creating Relationship Meta for Project
2017-03-02 11:02:22...processing table project_task
2017-03-02 11:02:22...dropping table project_task
2017-03-02 11:02:22...creating table project_task
2017-03-02 11:02:22...creating Relationship Meta for ProjectTask
2017-03-02 11:02:22...processing table campaigns
2017-03-02 11:02:22...dropping table campaigns
2017-03-02 11:02:22...creating table campaigns
2017-03-02 11:02:22...creating Relationship Meta for Campaign
2017-03-02 11:02:22...processing table prospect_lists
2017-03-02 11:02:22...dropping table prospect_lists
2017-03-02 11:02:22...creating table prospect_lists
2017-03-02 11:02:22...creating Relationship Meta for ProspectList
2017-03-02 11:02:22...processing table prospects
2017-03-02 11:02:22...dropping table prospects
2017-03-02 11:02:22...creating table prospects
2017-03-02 11:02:22...creating Relationship Meta for Prospect
2017-03-02 11:02:22...processing table email_marketing
2017-03-02 11:02:22...dropping table email_marketing
2017-03-02 11:02:22...creating table email_marketing
2017-03-02 11:02:22...creating Relationship Meta for EmailMarketing
2017-03-02 11:02:22...processing table campaign_trkrs
2017-03-02 11:02:22...dropping table campaign_trkrs
2017-03-02 11:02:22...creating table campaign_trkrs
2017-03-02 11:02:22...creating Relationship Meta for CampaignTracker
2017-03-02 11:02:22...processing table releases
2017-03-02 11:02:22...dropping table releases
2017-03-02 11:02:22...creating table releases
2017-03-02 11:02:22...creating Relationship Meta for Release
2017-03-02 11:02:22...processing table emailman
2017-03-02 11:02:22...dropping table emailman
2017-03-02 11:02:22...creating table emailman
2017-03-02 11:02:22...creating Relationship Meta for EmailMan
2017-03-02 11:02:22...processing table schedulers
2017-03-02 11:02:22...dropping table schedulers
2017-03-02 11:02:22...creating table schedulers
2017-03-02 11:02:22...creating Relationship Meta for Scheduler
2017-03-02 11:02:22...processing table job_queue
2017-03-02 11:02:22...dropping table job_queue
2017-03-02 11:02:22...creating table job_queue
2017-03-02 11:02:22...creating Relationship Meta for SchedulersJob
2017-03-02 11:02:22...processing table contacts
2017-03-02 11:02:22...dropping table contacts
2017-03-02 11:02:22...creating table contacts
2017-03-02 11:02:22...creating Relationship Meta for Contact
2017-03-02 11:02:22...processing table accounts
2017-03-02 11:02:22...dropping table accounts
2017-03-02 11:02:22...creating table accounts
2017-03-02 11:02:22...creating Relationship Meta for Account
2017-03-02 11:02:23...processing table opportunities
2017-03-02 11:02:23...dropping table opportunities
2017-03-02 11:02:23...creating table opportunities
2017-03-02 11:02:23...creating Relationship Meta for Opportunity
2017-03-02 11:02:23...processing table email_templates
2017-03-02 11:02:23...dropping table email_templates
2017-03-02 11:02:23...creating table email_templates
2017-03-02 11:02:23...creating Relationship Meta for EmailTemplate
2017-03-02 11:02:23...processing table notes
2017-03-02 11:02:23...dropping table notes
2017-03-02 11:02:23...creating table notes
2017-03-02 11:02:23...creating Relationship Meta for Note
2017-03-02 11:02:23...processing table calls
2017-03-02 11:02:23...dropping table calls
2017-03-02 11:02:23...creating table calls
2017-03-02 11:02:23...creating Relationship Meta for Call
2017-03-02 11:02:23...processing table emails
2017-03-02 11:02:23...dropping table emails
2017-03-02 11:02:23...creating table emails
2017-03-02 11:02:23...creating Relationship Meta for Email
2017-03-02 11:02:23...processing table meetings
2017-03-02 11:02:23...dropping table meetings
2017-03-02 11:02:23...creating table meetings
2017-03-02 11:02:23...creating Relationship Meta for Meeting
2017-03-02 11:02:23...processing table tasks
2017-03-02 11:02:23...dropping table tasks
2017-03-02 11:02:23...creating table tasks
2017-03-02 11:02:23...creating Relationship Meta for Task
2017-03-02 11:02:23...processing table users
2017-03-02 11:02:23...processing table users
2017-03-02 11:02:23...processing table currencies
2017-03-02 11:02:23...dropping table currencies
2017-03-02 11:02:23...creating table currencies
2017-03-02 11:02:23...creating Relationship Meta for Currency
2017-03-02 11:02:23...processing table tracker
2017-03-02 11:02:23...dropping table tracker
2017-03-02 11:02:23...creating table tracker
2017-03-02 11:02:23...creating Relationship Meta for Tracker
2017-03-02 11:02:23...processing table import_maps
2017-03-02 11:02:23...dropping table import_maps
2017-03-02 11:02:23...creating table import_maps
2017-03-02 11:02:23...creating Relationship Meta for ImportMap
2017-03-02 11:02:23...processing table users_last_import
2017-03-02 11:02:23...dropping table users_last_import
2017-03-02 11:02:23...creating table users_last_import
2017-03-02 11:02:23...creating Relationship Meta for UsersLastImport
2017-03-02 11:02:23...processing table config
2017-03-02 11:02:23...dropping table config
2017-03-02 11:02:23...creating table config
2017-03-02 11:02:23...creating Relationship Meta for Administration
2017-03-02 11:02:23...processing table upgrade_history
2017-03-02 11:02:23...dropping table upgrade_history
2017-03-02 11:02:23...creating table upgrade_history
2017-03-02 11:02:23...creating Relationship Meta for UpgradeHistory
2017-03-02 11:02:23...processing table vcals
2017-03-02 11:02:23...dropping table vcals
2017-03-02 11:02:23...creating table vcals
2017-03-02 11:02:23...creating Relationship Meta for vCal
2017-03-02 11:02:23...processing table versions
2017-03-02 11:02:23...dropping table versions
2017-03-02 11:02:23...creating table versions
2017-03-02 11:02:23...creating Relationship Meta for Version
2017-03-02 11:02:23...processing table roles
2017-03-02 11:02:23...dropping table roles
2017-03-02 11:02:23...creating table roles
2017-03-02 11:02:23...creating Relationship Meta for Role
2017-03-02 11:02:23...processing table documents
2017-03-02 11:02:23...dropping table documents
2017-03-02 11:02:23...creating table documents
2017-03-02 11:02:23...creating Relationship Meta for Document
2017-03-02 11:02:23...processing table document_revisions
2017-03-02 11:02:23...dropping table document_revisions
2017-03-02 11:02:23...creating table document_revisions
2017-03-02 11:02:23...creating Relationship Meta for DocumentRevision
2017-03-02 11:02:23...processing table fields_meta_data
2017-03-02 11:02:23...dropping table fields_meta_data
2017-03-02 11:02:23...creating table fields_meta_data
2017-03-02 11:02:23...creating Relationship Meta for FieldsMetaData
2017-03-02 11:02:23...processing table inbound_email
2017-03-02 11:02:23...dropping table inbound_email
2017-03-02 11:02:23...creating table inbound_email
2017-03-02 11:02:23...creating Relationship Meta for InboundEmail
2017-03-02 11:02:23...processing table saved_search
2017-03-02 11:02:23...dropping table saved_search
2017-03-02 11:02:23...creating table saved_search
2017-03-02 11:02:23...creating Relationship Meta for SavedSearch
2017-03-02 11:02:23...processing table user_preferences
2017-03-02 11:02:23...dropping table user_preferences
2017-03-02 11:02:23...creating table user_preferences
2017-03-02 11:02:23...creating Relationship Meta for UserPreference
2017-03-02 11:02:23...processing table 
2017-03-02 11:02:23...processing table email_addresses
2017-03-02 11:02:23...dropping table email_addresses
2017-03-02 11:02:23...creating table email_addresses
2017-03-02 11:02:23...creating Relationship Meta for EmailAddress
2017-03-02 11:02:23...processing table emails_text
2017-03-02 11:02:23...dropping table emails_text
2017-03-02 11:02:23...creating table emails_text
2017-03-02 11:02:23...creating Relationship Meta for EmailText
2017-03-02 11:02:23...processing table sugarfeed
2017-03-02 11:02:23...dropping table sugarfeed
2017-03-02 11:02:23...creating table sugarfeed
2017-03-02 11:02:23...creating Relationship Meta for SugarFeed
2017-03-02 11:02:23...processing table eapm
2017-03-02 11:02:23...dropping table eapm
2017-03-02 11:02:23...creating table eapm
2017-03-02 11:02:23...creating Relationship Meta for EAPM
2017-03-02 11:02:23...processing table oauth_consumer
2017-03-02 11:02:23...dropping table oauth_consumer
2017-03-02 11:02:23...creating table oauth_consumer
2017-03-02 11:02:23...creating Relationship Meta for OAuthKey
2017-03-02 11:02:23...processing table oauth_tokens
2017-03-02 11:02:23...dropping table oauth_tokens
2017-03-02 11:02:23...creating table oauth_tokens
2017-03-02 11:02:23...creating Relationship Meta for OAuthToken
2017-03-02 11:02:23...Begin creating Defaults
2017-03-02 11:02:23...insert defaults into config table
2017-03-02 11:02:23...Creating default users
2017-03-02 11:02:23...Creating default scheduler jobs
2017-03-02 11:02:23...Enable SugarFeeds
2017-03-02 11:02:23...Enable InsideView Connector
2017-03-02 11:02:23...Creating FTS logic hook
2017-03-02 11:02:23...populating the db with seed data
2017-03-02 11:02:46...Installation has completed *********
2017-03-02 11:03:17...installerHook: Could not find custom/install/install_hooks.php
2017-03-02 11:03:29...installerHook: Could not find custom/install/install_hooks.php